<?xml version="1.0" encoding="UTF-8"?>
<!-- Generated by org.testng.reporters.JUnitReportReporter -->
<testsuite hostname="ip-172-31-29-113" failures="0" tests="2" name="testcases.LoginTest" time="13.816" errors="0" timestamp="02 Mar 2024 17:10:58 GMT" skipped="0">
  <testcase classname="testcases.LoginTest" name="LoginFailiureTest" time="7.856"/>
  <testcase classname="testcases.LoginTest" name="LoginSuccessTest" time="5.960"/>
</testsuite> <!-- testcases.LoginTest -->
